<?xml version="1.0" encoding="UTF-8"?>
<!-- Generated by org.testng.reporters.JUnitReportReporter -->
<testsuite hostname="DESKTOP-0NN2DFH" failures="0" tests="4" name="demo.POM" time="37.458" errors="4" timestamp="8 Jun 2022 03:26:39 GMT">
  <testcase classname="demo.POM" name="start" time="7.176">
    <error message="Unresolved compilation problems: 
	Cannot make a static reference to the non-static field driver
	Cannot make a static reference to the non-static field driver
	Cannot make a static reference to the non-static field driver
	Cannot make a static reference to the non-static field driver
	Cannot make a static reference to the non-static field driver
	Cannot make a static reference to the non-static field driver
	Cannot make a static reference to the non-static field driver
	Cannot make a static reference to the non-static field driver
	Cannot make a static reference to the non-static field driver
" type="java.lang.Error">
      <![CDATA[java.lang.Error: Unresolved compilation problems: 
	Cannot make a static reference to the non-static field driver
	Cannot make a static reference to the non-static field driver
	Cannot make a static reference to the non-static field driver
	Cannot make a static reference to the non-static field driver
	Cannot make a static reference to the non-static field driver
	Cannot make a static reference to the non-static field driver
	Cannot make a static reference to the non-static field driver
	Cannot make a static reference to the non-static field driver
	Cannot make a static reference to the non-static field driver

	at demo.POM.start(POM.java:77)
	at java.base/jdk.internal.reflect.NativeMethodAccessorImpl.invoke0(Native Method)
	at java.base/jdk.internal.reflect.NativeMethodAccessorImpl.invoke(NativeMethodAccessorImpl.java:77)
	at java.base/jdk.internal.reflect.DelegatingMethodAccessorImpl.invoke(DelegatingMethodAccessorImpl.java:43)
	at java.base/java.lang.reflect.Method.invoke(Method.java:568)
	at org.testng.internal.MethodInvocationHelper.invokeMethod(MethodInvocationHelper.java:85)
	at org.testng.internal.Invoker.invokeMethod(Invoker.java:639)
	at org.testng.internal.Invoker.invokeTestMethod(Invoker.java:816)
	at org.testng.internal.Invoker.invokeTestMethods(Invoker.java:1124)
	at org.testng.internal.TestMethodWorker.invokeTestMethods(TestMethodWorker.java:125)
	at org.testng.internal.TestMethodWorker.run(TestMethodWorker.java:108)
	at org.testng.TestRunner.privateRun(TestRunner.java:774)
	at org.testng.TestRunner.run(TestRunner.java:624)
	at org.testng.SuiteRunner.runTest(SuiteRunner.java:359)
	at org.testng.SuiteRunner.runSequentially(SuiteRunner.java:354)
	at org.testng.SuiteRunner.privateRun(SuiteRunner.java:312)
	at org.testng.SuiteRunner.run(SuiteRunner.java:261)
	at org.testng.SuiteRunnerWorker.runSuite(SuiteRunnerWorker.java:52)
	at org.testng.SuiteRunnerWorker.run(SuiteRunnerWorker.java:86)
	at org.testng.TestNG.runSuitesSequentially(TestNG.java:1191)
	at org.testng.TestNG.runSuitesLocally(TestNG.java:1116)
	at org.testng.TestNG.run(TestNG.java:1024)
	at org.testng.remote.AbstractRemoteTestNG.run(AbstractRemoteTestNG.java:115)
	at org.testng.remote.RemoteTestNG.initAndRun(RemoteTestNG.java:251)
	at org.testng.remote.RemoteTestNG.main(RemoteTestNG.java:77)
]]>
    </error>
  </testcase> <!-- start -->
  <testcase classname="demo.POM" name="start" time="14.890">
    <error message="Unresolved compilation problems: 
	Cannot make a static reference to the non-static field driver
	Cannot make a static reference to the non-static field driver
	Cannot make a static reference to the non-static field driver
	Cannot make a static reference to the non-static field driver
	Cannot make a static reference to the non-static field driver
	Cannot make a static reference to the non-static field driver
	Cannot make a static reference to the non-static field driver
	Cannot make a static reference to the non-static field driver
	Cannot make a static reference to the non-static field driver
" type="java.lang.Error">
      <![CDATA[java.lang.Error: Unresolved compilation problems: 
	Cannot make a static reference to the non-static field driver
	Cannot make a static reference to the non-static field driver
	Cannot make a static reference to the non-static field driver
	Cannot make a static reference to the non-static field driver
	Cannot make a static reference to the non-static field driver
	Cannot make a static reference to the non-static field driver
	Cannot make a static reference to the non-static field driver
	Cannot make a static reference to the non-static field driver
	Cannot make a static reference to the non-static field driver

	at demo.POM.start(POM.java:77)
	at java.base/jdk.internal.reflect.NativeMethodAccessorImpl.invoke0(Native Method)
	at java.base/jdk.internal.reflect.NativeMethodAccessorImpl.invoke(NativeMethodAccessorImpl.java:77)
	at java.base/jdk.internal.reflect.DelegatingMethodAccessorImpl.invoke(DelegatingMethodAccessorImpl.java:43)
	at java.base/java.lang.reflect.Method.invoke(Method.java:568)
	at org.testng.internal.MethodInvocationHelper.invokeMethod(MethodInvocationHelper.java:85)
	at org.testng.internal.Invoker.invokeMethod(Invoker.java:639)
	at org.testng.internal.Invoker.invokeTestMethod(Invoker.java:816)
	at org.testng.internal.Invoker.invokeTestMethods(Invoker.java:1124)
	at org.testng.internal.TestMethodWorker.invokeTestMethods(TestMethodWorker.java:125)
	at org.testng.internal.TestMethodWorker.run(TestMethodWorker.java:108)
	at org.testng.TestRunner.privateRun(TestRunner.java:774)
	at org.testng.TestRunner.run(TestRunner.java:624)
	at org.testng.SuiteRunner.runTest(SuiteRunner.java:359)
	at org.testng.SuiteRunner.runSequentially(SuiteRunner.java:354)
	at org.testng.SuiteRunner.privateRun(SuiteRunner.java:312)
	at org.testng.SuiteRunner.run(SuiteRunner.java:261)
	at org.testng.SuiteRunnerWorker.runSuite(SuiteRunnerWorker.java:52)
	at org.testng.SuiteRunnerWorker.run(SuiteRunnerWorker.java:86)
	at org.testng.TestNG.runSuitesSequentially(TestNG.java:1191)
	at org.testng.TestNG.runSuitesLocally(TestNG.java:1116)
	at org.testng.TestNG.run(TestNG.java:1024)
	at org.testng.remote.AbstractRemoteTestNG.run(AbstractRemoteTestNG.java:115)
	at org.testng.remote.RemoteTestNG.initAndRun(RemoteTestNG.java:251)
	at org.testng.remote.RemoteTestNG.main(RemoteTestNG.java:77)
]]>
    </error>
  </testcase> <!-- start -->
  <testcase classname="demo.POM" name="start" time="8.195">
    <error message="Unresolved compilation problems: 
	Cannot make a static reference to the non-static field driver
	Cannot make a static reference to the non-static field driver
	Cannot make a static reference to the non-static field driver
	Cannot make a static reference to the non-static field driver
	Cannot make a static reference to the non-static field driver
	Cannot make a static reference to the non-static field driver
	Cannot make a static reference to the non-static field driver
	Cannot make a static reference to the non-static field driver
	Cannot make a static reference to the non-static field driver
" type="java.lang.Error">
      <![CDATA[java.lang.Error: Unresolved compilation problems: 
	Cannot make a static reference to the non-static field driver
	Cannot make a static reference to the non-static field driver
	Cannot make a static reference to the non-static field driver
	Cannot make a static reference to the non-static field driver
	Cannot make a static reference to the non-static field driver
	Cannot make a static reference to the non-static field driver
	Cannot make a static reference to the non-static field driver
	Cannot make a static reference to the non-static field driver
	Cannot make a static reference to the non-static field driver

	at demo.POM.start(POM.java:77)
	at java.base/jdk.internal.reflect.NativeMethodAccessorImpl.invoke0(Native Method)
	at java.base/jdk.internal.reflect.NativeMethodAccessorImpl.invoke(NativeMethodAccessorImpl.java:77)
	at java.base/jdk.internal.reflect.DelegatingMethodAccessorImpl.invoke(DelegatingMethodAccessorImpl.java:43)
	at java.base/java.lang.reflect.Method.invoke(Method.java:568)
	at org.testng.internal.MethodInvocationHelper.invokeMethod(MethodInvocationHelper.java:85)
	at org.testng.internal.Invoker.invokeMethod(Invoker.java:639)
	at org.testng.internal.Invoker.invokeTestMethod(Invoker.java:816)
	at org.testng.internal.Invoker.invokeTestMethods(Invoker.java:1124)
	at org.testng.internal.TestMethodWorker.invokeTestMethods(TestMethodWorker.java:125)
	at org.testng.internal.TestMethodWorker.run(TestMethodWorker.java:108)
	at org.testng.TestRunner.privateRun(TestRunner.java:774)
	at org.testng.TestRunner.run(TestRunner.java:624)
	at org.testng.SuiteRunner.runTest(SuiteRunner.java:359)
	at org.testng.SuiteRunner.runSequentially(SuiteRunner.java:354)
	at org.testng.SuiteRunner.privateRun(SuiteRunner.java:312)
	at org.testng.SuiteRunner.run(SuiteRunner.java:261)
	at org.testng.SuiteRunnerWorker.runSuite(SuiteRunnerWorker.java:52)
	at org.testng.SuiteRunnerWorker.run(SuiteRunnerWorker.java:86)
	at org.testng.TestNG.runSuitesSequentially(TestNG.java:1191)
	at org.testng.TestNG.runSuitesLocally(TestNG.java:1116)
	at org.testng.TestNG.run(TestNG.java:1024)
	at org.testng.remote.AbstractRemoteTestNG.run(AbstractRemoteTestNG.java:115)
	at org.testng.remote.RemoteTestNG.initAndRun(RemoteTestNG.java:251)
	at org.testng.remote.RemoteTestNG.main(RemoteTestNG.java:77)
]]>
    </error>
  </testcase> <!-- start -->
  <testcase classname="demo.POM" name="start" time="7.197">
    <error message="Unresolved compilation problems: 
	Cannot make a static reference to the non-static field driver
	Cannot make a static reference to the non-static field driver
	Cannot make a static reference to the non-static field driver
	Cannot make a static reference to the non-static field driver
	Cannot make a static reference to the non-static field driver
	Cannot make a static reference to the non-static field driver
	Cannot make a static reference to the non-static field driver
	Cannot make a static reference to the non-static field driver
	Cannot make a static reference to the non-static field driver
" type="java.lang.Error">
      <![CDATA[java.lang.Error: Unresolved compilation problems: 
	Cannot make a static reference to the non-static field driver
	Cannot make a static reference to the non-static field driver
	Cannot make a static reference to the non-static field driver
	Cannot make a static reference to the non-static field driver
	Cannot make a static reference to the non-static field driver
	Cannot make a static reference to the non-static field driver
	Cannot make a static reference to the non-static field driver
	Cannot make a static reference to the non-static field driver
	Cannot make a static reference to the non-static field driver

	at demo.POM.start(POM.java:77)
	at java.base/jdk.internal.reflect.NativeMethodAccessorImpl.invoke0(Native Method)
	at java.base/jdk.internal.reflect.NativeMethodAccessorImpl.invoke(NativeMethodAccessorImpl.java:77)
	at java.base/jdk.internal.reflect.DelegatingMethodAccessorImpl.invoke(DelegatingMethodAccessorImpl.java:43)
	at java.base/java.lang.reflect.Method.invoke(Method.java:568)
	at org.testng.internal.MethodInvocationHelper.invokeMethod(MethodInvocationHelper.java:85)
	at org.testng.internal.Invoker.invokeMethod(Invoker.java:639)
	at org.testng.internal.Invoker.invokeTestMethod(Invoker.java:816)
	at org.testng.internal.Invoker.invokeTestMethods(Invoker.java:1124)
	at org.testng.internal.TestMethodWorker.invokeTestMethods(TestMethodWorker.java:125)
	at org.testng.internal.TestMethodWorker.run(TestMethodWorker.java:108)
	at org.testng.TestRunner.privateRun(TestRunner.java:774)
	at org.testng.TestRunner.run(TestRunner.java:624)
	at org.testng.SuiteRunner.runTest(SuiteRunner.java:359)
	at org.testng.SuiteRunner.runSequentially(SuiteRunner.java:354)
	at org.testng.SuiteRunner.privateRun(SuiteRunner.java:312)
	at org.testng.SuiteRunner.run(SuiteRunner.java:261)
	at org.testng.SuiteRunnerWorker.runSuite(SuiteRunnerWorker.java:52)
	at org.testng.SuiteRunnerWorker.run(SuiteRunnerWorker.java:86)
	at org.testng.TestNG.runSuitesSequentially(TestNG.java:1191)
	at org.testng.TestNG.runSuitesLocally(TestNG.java:1116)
	at org.testng.TestNG.run(TestNG.java:1024)
	at org.testng.remote.AbstractRemoteTestNG.run(AbstractRemoteTestNG.java:115)
	at org.testng.remote.RemoteTestNG.initAndRun(RemoteTestNG.java:251)
	at org.testng.remote.RemoteTestNG.main(RemoteTestNG.java:77)
]]>
    </error>
  </testcase> <!-- start -->
</testsuite> <!-- demo.POM -->
